INFO:  latexindent version 3.15, 2022-01-21, a script to indent .tex files
       latexindent lives here: /usr/share/texlive/texmf-dist/scripts/latexindent/
       Wed May 22 16:25:05 2024
       Filename: /home/dmitriy/Рабочий стол/Учёба/прога 4 семестр/homework/05_macroproject/Tex-файлы/macroproject.tex
INFO:  Processing switches:
INFO:  Directory for backup files and indent.log: /home/dmitriy/Рабочий стол/Учёба/прога 4 семестр/homework/05_macroproject/Tex-файлы
INFO:  YAML settings read: defaultSettings.yaml
       Reading defaultSettings.yaml from /usr/share/texlive/texmf-dist/scripts/latexindent/defaultSettings.yaml
INFO:  YAML settings read: indentconfig.yaml or .indentconfig.yaml
       Home directory is /home/dmitriy (didn't find either indentconfig.yaml or .indentconfig.yaml)
       To specify user settings you would put indentconfig.yaml here: /home/dmitriy/indentconfig.yaml
       Alternatively, you can use the hidden file .indentconfig.yaml as: /home/dmitriy/.indentconfig.yaml
INFO:  Phase 1: searching for objects
INFO:  Phase 2: finding surrounding indentation
INFO:  Phase 3: indenting objects
INFO:  Phase 4: final indentation check
INFO:  Output routine:
       Not outputting to file; see -w and -o switches for more options.
       --------------
INFO:  Please direct all communication/issues to:
        https://github.com/cmhughes/latexindent.pl
